[2021-09-07 22:47:06.849] [info]  Logseq App(0.3.7) Starting... 
[2021-09-07 23:04:33.443] [info]  Logseq App(0.3.7) Starting... 
[2021-09-07 23:05:38.572] [info]  Logseq App(0.3.7) Starting... 
[2021-09-07 23:12:39.186] [info]  new-window zotero://select/library/items/GVBBRZ52
[2021-09-08 19:27:22.885] [info]  Logseq App(0.3.7) Starting... 
[2021-09-08 19:33:08.386] [info]  Logseq App(0.3.7) Starting... 
[2021-09-08 19:46:36.487] [info]  Logseq App(0.3.7) Starting... 
[2021-09-08 19:46:43.549] [info]  new-window https://www.mdpi.com/1099-4300/20/5/350
[2021-09-11 15:23:17.010] [info]  Logseq App(0.3.7) Starting... 
[2021-09-12 14:51:40.498] [info]  Logseq App(0.3.8) Starting... 
[2021-09-13 09:19:12.067] [info]  Logseq App(0.3.8) Starting... 
[2021-09-13 09:20:14.968] [info]  Logseq App(0.3.8) Starting... 
[2021-09-13 09:22:38.186] [error] [Git] Author identity unknown

*** Please tell me who you are.

Run

  git config --global user.email "you@example.com"
  git config --global user.name "Your Name"

to set your account's default identity.
Omit --global to set the identity only in this repository.

fatal: unable to auto-detect email address (got 'x@xYx.(none)')

[2021-09-13 18:09:57.655] [info]  Logseq App(0.3.8) Starting... 
[2021-09-14 08:56:33.739] [info]  Logseq App(0.3.8) Starting... 
[2021-09-15 16:10:36.653] [info]  Logseq App(0.3.9) Starting... 
[2021-09-15 16:12:10.718] [info]  new-window https://github.com/xyhp915/logseq-journals-calendar
[2021-09-15 16:13:44.503] [info]  [Marketplace] [Release Asset] # 0.0.4  => https://api.github.com/repos/xyhp915/logseq-journals-calendar/releases/assets/44703332
[2021-09-15 16:13:46.053] [info]  [Marketplace] [Updated DONE]  0.0.4
[2021-09-16 09:25:15.431] [info]  Logseq App(0.3.9) Starting... 
[2021-09-16 18:57:08.644] [info]  Logseq App(0.3.9) Starting... 
[2021-09-16 21:08:26.118] [error] [Git] Author identity unknown

*** Please tell me who you are.

Run

  git config --global user.email "you@example.com"
  git config --global user.name "Your Name"

to set your account's default identity.
Omit --global to set the identity only in this repository.

fatal: unable to auto-detect email address (got 'x@xYx.(none)')

[2021-09-16 21:08:28.227] [error] [Git] Author identity unknown

*** Please tell me who you are.

Run

  git config --global user.email "you@example.com"
  git config --global user.name "Your Name"

to set your account's default identity.
Omit --global to set the identity only in this repository.

fatal: unable to auto-detect email address (got 'x@xYx.(none)')

[2021-09-16 22:43:34.482] [info]  Logseq App(0.3.9) Starting... 
[2021-09-17 22:39:18.344] [info]  Logseq App(0.3.9) Starting... 
[2021-09-19 22:17:11.299] [info]  Logseq App(0.3.9) Starting... 
[2021-09-20 18:25:22.361] [info]  Logseq App(0.3.9) Starting... 
[2021-09-20 18:48:08.534] [info]  Logseq App(0.3.9) Starting... 
[2021-09-20 21:12:13.151] [info]  Logseq App(0.3.9) Starting... 
[2021-09-23 16:38:02.137] [info]  Logseq App(0.4.0) Starting... 
[2021-09-23 16:39:43.294] [info]  new-window https://github.com/haydenull/logseq-woz-theme
[2021-09-23 16:41:01.809] [info]  [Marketplace] [Release Asset] # 1.0.0  => https://api.github.com/repos/TankCool/logseq-random-note/releases/assets/44873495
[2021-09-23 16:41:02.344] [info]  [Marketplace] [Updated DONE]  1.0.0
[2021-09-23 18:16:47.305] [info]  new-window zotero://select/library/items/G9ZSMZ63
[2021-09-23 22:58:48.183] [info]  Logseq App(0.4.0) Starting... 
[2021-09-23 23:32:47.776] [info]  Logseq App(0.4.0) Starting... 
[2021-09-25 23:46:41.614] [info]  Logseq App(0.4.1) Starting... 
