2021-08-18 22:31:48 Loading main app package /tmp/.mount_obsidiHDJ7Dn/resources/obsidian.asar
2021-08-18 22:31:49 Checking for update using Github
2021-08-18 22:31:49 Success.
2021-08-18 22:31:49 Latest version is 0.12.12
2021-08-18 22:31:49 App is up to date.
2021-08-19 07:52:58 Loading main app package /tmp/.mount_obsidi85MJjh/resources/obsidian.asar
2021-08-19 07:52:59 Checking for update using Github
2021-08-19 07:52:59 Success.
2021-08-19 07:52:59 Latest version is 0.12.12
2021-08-19 07:52:59 App is up to date.
2021-08-19 08:52:59 Checking for update using Github
2021-08-19 08:52:59 Success.
2021-08-19 08:52:59 Latest version is 0.12.12
2021-08-19 08:52:59 App is up to date.
2021-08-19 09:05:27 Loading main app package /tmp/.mount_obsidiK0jaCP/resources/obsidian.asar
2021-08-19 09:05:27 Checking for update using Github
2021-08-19 09:52:59 Checking for update using Github
2021-08-19 09:52:59 Success.
2021-08-19 09:52:59 Latest version is 0.12.12
2021-08-19 09:52:59 App is up to date.
2021-08-19 13:58:31 Loading main app package /tmp/.mount_obsidieHxEYK/resources/obsidian.asar
2021-08-19 13:58:31 Checking for update using Github
2021-08-19 13:58:31 Success.
2021-08-19 13:58:31 Latest version is 0.12.12
2021-08-19 13:58:31 App is up to date.
2021-08-19 15:01:50 Loading main app package /tmp/.mount_obsidioOSGDZ/resources/obsidian.asar
2021-08-19 15:01:50 Checking for update using Github
2021-08-19 15:01:51 Success.
2021-08-19 15:01:51 Latest version is 0.12.12
2021-08-19 15:01:51 App is up to date.
2021-08-19 18:00:07 Loading main app package /tmp/.mount_obsidiCkCIMZ/resources/obsidian.asar
2021-08-19 18:00:07 Checking for update using Github
2021-08-19 18:00:45 Success.
2021-08-19 18:00:45 Latest version is 0.12.12
2021-08-19 18:00:45 App is up to date.
2021-08-19 19:48:39 Loading main app package /tmp/.mount_obsidihmHYT2/resources/obsidian.asar
2021-08-19 19:48:39 Checking for update using Github
2021-08-19 19:48:39 Success.
2021-08-19 19:48:39 Latest version is 0.12.12
2021-08-19 19:48:39 App is up to date.
2021-08-19 20:51:34 Loading main app package /tmp/.mount_obsidik2iQ6G/resources/obsidian.asar
2021-08-19 20:51:35 Checking for update using Github
2021-08-19 20:51:35 Success.
2021-08-19 20:51:35 Latest version is 0.12.12
2021-08-19 20:51:35 App is up to date.
2021-08-20 06:28:24 Loading main app package /tmp/.mount_obsidixSg79t/resources/obsidian.asar
2021-08-20 06:28:24 Checking for update using Github
2021-08-20 06:28:25 Success.
2021-08-20 06:28:25 Latest version is 0.12.12
2021-08-20 06:28:25 App is up to date.
2021-08-20 07:28:24 Checking for update using Github
2021-08-20 07:28:24 Success.
2021-08-20 07:28:24 Latest version is 0.12.12
2021-08-20 07:28:24 App is up to date.
2021-08-20 22:30:49 Loading main app package /tmp/.mount_obsidi5dhr4i/resources/obsidian.asar
2021-08-20 22:30:50 Checking for update using Github
2021-08-20 22:30:50 Success.
2021-08-20 22:30:50 Latest version is 0.12.12
2021-08-20 22:30:50 App is up to date.
2021-08-21 05:42:50 Loading main app package /tmp/.mount_obsidi6o4c5l/resources/obsidian.asar
2021-08-21 05:42:50 Checking for update using Github
2021-08-21 05:42:50 Success.
2021-08-21 05:42:50 Latest version is 0.12.12
2021-08-21 05:42:50 App is up to date.
2021-08-21 06:42:50 Checking for update using Github
2021-08-21 06:42:50 Success.
2021-08-21 06:42:50 Latest version is 0.12.12
2021-08-21 06:42:50 App is up to date.
2021-08-21 07:42:50 Checking for update using Github
2021-08-21 07:42:50 Success.
2021-08-21 07:42:50 Latest version is 0.12.12
2021-08-21 07:42:50 App is up to date.
2021-08-21 10:19:45 Loading main app package /tmp/.mount_obsidiGazWPb/resources/obsidian.asar
2021-08-21 10:19:46 Checking for update using Github
2021-08-21 10:19:46 Success.
2021-08-21 10:19:46 Latest version is 0.12.12
2021-08-21 10:19:46 App is up to date.
2021-08-21 21:27:59 Loading main app package /tmp/.mount_obsidizQzEhA/resources/obsidian.asar
2021-08-21 21:28:00 Checking for update using Github
2021-08-21 21:28:00 Success.
2021-08-21 21:28:00 Latest version is 0.12.12
2021-08-21 21:28:00 App is up to date.
2021-08-22 11:13:09 Loading main app package /tmp/.mount_obsidilflmCF/resources/obsidian.asar
2021-08-22 11:13:09 Checking for update using Github
2021-08-22 11:13:09 Success.
2021-08-22 11:13:09 Latest version is 0.12.12
2021-08-22 11:13:09 App is up to date.
2021-08-22 11:41:37 Loading main app package /tmp/.mount_obsidisMXfCk/resources/obsidian.asar
2021-08-22 11:41:38 Checking for update using Github
2021-08-22 11:41:38 Success.
2021-08-22 11:41:38 Latest version is 0.12.12
2021-08-22 11:41:38 App is up to date.
2021-08-22 11:42:07 Loading main app package /tmp/.mount_obsidid3lDAr/resources/obsidian.asar
2021-08-22 11:42:07 Checking for update using Github
2021-08-22 11:42:07 Success.
2021-08-22 11:42:07 Latest version is 0.12.12
2021-08-22 11:42:07 App is up to date.
2021-08-22 19:52:00 Loading main app package /tmp/.mount_obsiditpiRdB/resources/obsidian.asar
2021-08-22 19:52:01 Checking for update using Github
2021-08-22 19:52:01 Success.
2021-08-22 19:52:01 Latest version is 0.12.12
2021-08-22 19:52:01 App is up to date.
2021-08-22 19:52:24 Loading main app package /tmp/.mount_obsidiMk22mm/resources/obsidian.asar
2021-08-22 19:52:24 Checking for update using Github
2021-08-22 19:52:24 Success.
2021-08-22 19:52:24 Latest version is 0.12.12
2021-08-22 19:52:24 App is up to date.
2021-08-23 06:20:12 Loading main app package /tmp/.mount_obsidiCzarMG/resources/obsidian.asar
2021-08-23 06:20:12 Checking for update using Github
2021-08-23 06:20:13 Success.
2021-08-23 06:20:13 Latest version is 0.12.12
2021-08-23 06:20:13 App is up to date.
2021-08-23 06:20:34 Loading main app package /tmp/.mount_obsidiZLMed3/resources/obsidian.asar
2021-08-23 06:20:34 Checking for update using Github
2021-08-23 19:58:54 Loading main app package /tmp/.mount_obsidi1gMAQy/resources/obsidian.asar
2021-08-23 19:58:55 Checking for update using Github
2021-08-23 19:58:55 Success.
2021-08-23 19:58:55 Latest version is 0.12.12
2021-08-23 19:58:55 App is up to date.
2021-08-27 06:15:20 Loading main app package /tmp/.mount_obsidianRRd6/resources/obsidian.asar
2021-08-27 06:15:20 Checking for update using Github
2021-08-27 06:15:20 Success.
2021-08-27 06:15:20 Latest version is 0.12.12
2021-08-27 06:15:20 App is up to date.
2021-08-27 18:32:36 Checking for update using Github
2021-08-27 18:32:36 Success.
2021-08-27 18:32:36 Latest version is 0.12.12
2021-08-27 18:32:36 App is up to date.
2021-08-27 21:57:48 Loading main app package /tmp/.mount_obsidiBgJs5q/resources/obsidian.asar
2021-08-27 21:57:48 Checking for update using Github
2021-08-27 21:57:49 Success.
2021-08-27 21:57:49 Latest version is 0.12.12
2021-08-27 21:57:49 App is up to date.
2021-08-28 05:51:44 Loading main app package /tmp/.mount_obsidiA167SH/resources/obsidian.asar
2021-08-28 05:51:44 Checking for update using Github
2021-08-28 05:51:45 Success.
2021-08-28 05:51:45 Latest version is 0.12.12
2021-08-28 05:51:45 App is up to date.
2021-08-29 13:23:59 Loading main app package /tmp/.mount_obsidiehFxD9/resources/obsidian.asar
2021-08-29 13:23:59 Checking for update using Github
2021-08-29 13:23:59 Success.
2021-08-29 13:23:59 Latest version is 0.12.12
2021-08-29 13:23:59 App is up to date.
2021-08-29 14:23:59 Checking for update using Github
2021-08-29 14:23:59 Success.
2021-08-29 14:23:59 Latest version is 0.12.12
2021-08-29 14:23:59 App is up to date.
2021-08-29 21:11:44 Loading main app package /tmp/.mount_obsidinNUb0R/resources/obsidian.asar
2021-08-29 21:11:44 Checking for update using Github
2021-08-29 21:11:44 Failed to check for update using Github (net::ERR_INTERNET_DISCONNECTED)
2021-08-29 21:11:44 Checking for update using obsidian.md
2021-08-29 21:11:44 Failed to check for update using obsidian.md (net::ERR_INTERNET_DISCONNECTED)
2021-08-31 07:35:13 Loading main app package /tmp/.mount_obsidijUaUQA/resources/obsidian.asar
2021-08-31 07:35:13 Checking for update using Github
2021-08-31 07:35:13 Success.
2021-08-31 07:35:13 Latest version is 0.12.12
2021-08-31 07:35:13 App is up to date.
2021-08-31 07:44:50 Loading main app package /tmp/.mount_obsididUCR6a/resources/obsidian.asar
2021-08-31 07:44:50 Checking for update using Github
2021-08-31 07:44:50 Success.
2021-08-31 07:44:50 Latest version is 0.12.12
2021-08-31 07:44:50 App is up to date.
2021-08-31 08:44:50 Checking for update using Github
2021-08-31 08:44:50 Success.
2021-08-31 08:44:50 Latest version is 0.12.12
2021-08-31 08:44:50 App is up to date.
2021-08-31 09:44:50 Checking for update using Github
2021-08-31 09:44:50 Success.
2021-08-31 09:44:50 Latest version is 0.12.12
2021-08-31 09:44:50 App is up to date.
2021-08-31 10:44:50 Checking for update using Github
2021-08-31 10:44:50 Success.
2021-08-31 10:44:50 Latest version is 0.12.12
2021-08-31 10:44:50 App is up to date.
2021-09-03 17:45:31 Loading main app package /tmp/.mount_obsidifvqsCl/resources/obsidian.asar
2021-09-03 17:45:31 Checking for update using Github
2021-09-03 17:45:31 Success.
2021-09-03 17:45:31 Latest version is 0.12.15
2021-09-03 17:45:31 Downloading update from https://github.com/obsidianmd/obsidian-releases/releases/download/v0.12.15/obsidian-0.12.15.asar.gz
2021-09-03 17:45:36 Verifying hash & signature
2021-09-03 17:45:36 Saving file
2021-09-03 17:45:36 Update complete.
2021-09-03 19:28:08 Loading updated app package /home/x/.config/obsidian/obsidian-0.12.15.asar
2021-09-03 19:28:08 Checking for update using Github
2021-09-03 19:28:09 Success.
2021-09-03 19:28:09 Latest version is 0.12.15
2021-09-03 19:28:09 App is up to date.
2021-09-03 20:36:09 Loading main app package /tmp/.mount_obsidik8uTpS/resources/obsidian.asar
2021-09-03 20:36:10 Checking for update using Github
2021-09-03 20:36:11 Success.
2021-09-03 20:36:11 Latest version is 0.12.15
2021-09-03 20:36:11 App is up to date.
2021-09-04 08:42:26 Loading main app package /tmp/.mount_obsidi81NIOQ/resources/obsidian.asar
2021-09-04 08:42:27 Checking for update using Github
2021-09-04 08:42:27 Success.
2021-09-04 08:42:27 Latest version is 0.12.15
2021-09-04 08:42:27 App is up to date.
2021-09-04 11:52:01 Loading main app package /tmp/.mount_obsidi3r4qGu/resources/obsidian.asar
2021-09-04 11:52:02 Checking for update using Github
2021-09-04 11:52:02 Success.
2021-09-04 11:52:02 Latest version is 0.12.15
2021-09-04 11:52:02 App is up to date.
2021-09-04 12:25:23 Loading main app package /tmp/.mount_obsidipcJZIh/resources/obsidian.asar
2021-09-04 12:25:23 Checking for update using Github
2021-09-04 12:25:24 Success.
2021-09-04 12:25:24 Latest version is 0.12.15
2021-09-04 12:25:24 App is up to date.
2021-09-04 13:53:12 Loading main app package /tmp/.mount_obsidij66rAn/resources/obsidian.asar
2021-09-04 13:53:13 Checking for update using Github
2021-09-04 13:53:13 Success.
2021-09-04 13:53:13 Latest version is 0.12.15
2021-09-04 13:53:13 App is up to date.
2021-09-04 22:15:41 Loading main app package /tmp/.mount_obsidiI2H9v3/resources/obsidian.asar
2021-09-04 22:15:42 Checking for update using Github
2021-09-04 22:15:42 Success.
2021-09-04 22:15:42 Latest version is 0.12.15
2021-09-04 22:15:42 App is up to date.
2021-09-06 20:02:36 Loading main app package /tmp/.mount_obsidiT5Md72/resources/obsidian.asar
2021-09-06 20:02:37 Checking for update using Github
2021-09-06 20:02:37 Success.
2021-09-06 20:02:37 Latest version is 0.12.15
2021-09-06 20:02:37 App is up to date.
2021-09-06 20:31:50 Loading main app package /tmp/.mount_obsidib7achN/resources/obsidian.asar
2021-09-06 20:31:51 Checking for update using Github
2021-09-06 20:31:51 Success.
2021-09-06 20:31:51 Latest version is 0.12.15
2021-09-06 20:31:51 App is up to date.
2021-09-06 20:32:57 Loading main app package /tmp/.mount_obsidi38V2dT/resources/obsidian.asar
2021-09-06 20:32:57 Checking for update using Github
2021-09-06 20:32:58 Success.
2021-09-06 20:32:58 Latest version is 0.12.15
2021-09-06 20:32:58 App is up to date.
2021-09-06 20:35:56 Loading main app package /tmp/.mount_obsidiQgan4r/resources/obsidian.asar
2021-09-06 20:35:56 Checking for update using Github
2021-09-06 20:35:56 Success.
2021-09-06 20:35:56 Latest version is 0.12.15
2021-09-06 20:35:56 App is up to date.
2021-09-06 20:36:21 Loading main app package /tmp/.mount_obsidiMiXYO4/resources/obsidian.asar
2021-09-06 20:36:22 Checking for update using Github
2021-09-06 20:36:22 Success.
2021-09-06 20:36:22 Latest version is 0.12.15
2021-09-06 20:36:22 App is up to date.
2021-09-06 20:37:29 Loading main app package /tmp/.mount_obsidiCGmK41/resources/obsidian.asar
2021-09-06 20:37:29 Checking for update using Github
2021-09-06 20:37:30 Success.
2021-09-06 20:37:30 Latest version is 0.12.15
2021-09-06 20:37:30 App is up to date.
2021-09-06 20:37:44 Loading main app package /tmp/.mount_obsidivm7nK5/resources/obsidian.asar
2021-09-06 20:37:45 Checking for update using Github
2021-09-06 20:37:45 Success.
2021-09-06 20:37:45 Latest version is 0.12.15
2021-09-06 20:37:45 App is up to date.
2021-09-06 20:38:33 Loading main app package /tmp/.mount_obsidi6geirQ/resources/obsidian.asar
2021-09-06 20:38:34 Checking for update using Github
2021-09-06 20:38:34 Success.
2021-09-06 20:38:34 Latest version is 0.12.15
2021-09-06 20:38:34 App is up to date.
2021-09-10 10:37:14 Loading main app package /tmp/.mount_obsidirE3mxV/resources/obsidian.asar
2021-09-10 10:37:15 Checking for update using Github
2021-09-10 10:37:15 Success.
2021-09-10 10:37:15 Latest version is 0.12.15
2021-09-10 10:37:15 App is up to date.
2021-09-12 12:40:58 Loading main app package /tmp/.mount_obsidiZ9owPr/resources/obsidian.asar
2021-09-12 12:40:59 Checking for update using Github
2021-09-12 12:40:59 Success.
2021-09-12 12:40:59 Latest version is 0.12.15
2021-09-12 12:40:59 App is up to date.
2021-09-16 19:07:42 Loading main app package /tmp/.mount_obsidiVfKbdl/resources/obsidian.asar
2021-09-16 19:07:43 Checking for update using Github
2021-09-16 19:07:43 Success.
2021-09-16 19:07:43 Latest version is 0.12.15
2021-09-16 19:07:43 App is up to date.
2021-09-18 13:12:18 Loading main app package /tmp/.mount_obsidiVtZBrD/resources/obsidian.asar
2021-09-18 13:12:18 Checking for update using Github
2021-09-18 13:12:18 Success.
2021-09-18 13:12:18 Latest version is 0.12.15
2021-09-18 13:12:18 App is up to date.
2021-09-18 13:16:23 Loading main app package /tmp/.mount_obsidiWQnBnU/resources/obsidian.asar
2021-09-18 13:16:24 Checking for update using Github
2021-09-18 13:16:24 Success.
2021-09-18 13:16:24 Latest version is 0.12.15
2021-09-18 13:16:24 App is up to date.
2021-09-19 10:09:28 Loading main app package /tmp/.mount_obsidiAESIAa/resources/obsidian.asar
2021-09-19 10:09:29 Checking for update using Github
2021-09-19 10:09:29 Success.
2021-09-19 10:09:29 Latest version is 0.12.15
2021-09-19 10:09:29 App is up to date.
2021-09-19 11:09:28 Checking for update using Github
2021-09-19 11:09:29 Success.
2021-09-19 11:09:29 Latest version is 0.12.15
2021-09-19 11:09:29 App is up to date.
2021-09-19 12:09:29 Checking for update using Github
2021-09-19 12:09:29 Success.
2021-09-19 12:09:29 Latest version is 0.12.15
2021-09-19 12:09:29 App is up to date.
2021-09-19 18:03:51 Checking for update using Github
2021-09-19 18:03:51 Success.
2021-09-19 18:03:51 Latest version is 0.12.15
2021-09-19 18:03:51 App is up to date.
2021-09-19 19:03:51 Checking for update using Github
2021-09-19 19:03:51 Success.
2021-09-19 19:03:51 Latest version is 0.12.15
2021-09-19 19:03:51 App is up to date.
